<?xml version="1.0" encoding="UTF-8"?>
<!-- Generated by org.testng.reporters.JUnitXMLReporter -->
<testsuite hostname="CRLHL-MUDDAMUH2" ignored="4" tests="7" failures="1" timestamp="16 May 2019 07:59:24 GMT" time="22.616" errors="0">
  <testcase name="Navigate_Home" time="10.194" classname="AP_Register_Login"/>
  <testcase name="Navigate_Login" time="5.119" classname="AP_Register_Login"/>
  <testcase name="User_Login_Failure" time="0.436" classname="AP_Register_Login">
    <skipped/>
  </testcase> <!-- User_Login_Failure -->
  <testcase name="User_Login_Failure" time="0.298" classname="AP_Register_Login">
    <skipped/>
  </testcase> <!-- User_Login_Failure -->
  <testcase name="User_Login_Failure" time="0.287" classname="AP_Register_Login">
    <skipped/>
  </testcase> <!-- User_Login_Failure -->
  <testcase name="User_Login_Failure" time="0.291" classname="AP_Register_Login">
    <skipped/>
  </testcase> <!-- User_Login_Failure -->
  <testcase name="User_Login_Failure" time="0.342" classname="AP_Register_Login">
    <failure type="java.lang.AssertionError">
      <![CDATA[java.lang.AssertionError
	at AP_Register_Login.User_Login_Failure(AP_Register_Login.java:155)
	at java.util.concurrent.FutureTask.run(FutureTask.java:266)
	at java.util.concurrent.ThreadPoolExecutor.runWorker(ThreadPoolExecutor.java:1149)
	at java.util.concurrent.ThreadPoolExecutor$Worker.run(ThreadPoolExecutor.java:624)
	at java.lang.Thread.run(Thread.java:748)
... Removed 16 stack frames]]>
    </failure>
  </testcase> <!-- User_Login_Failure -->
  <testcase name="Register_User_Personal_Info" time="0.0" classname="AP_Register_Login">
    <ignored/>
  </testcase> <!-- Register_User_Personal_Info -->
  <testcase name="Register_User" time="0.0" classname="AP_Register_Login">
    <ignored/>
  </testcase> <!-- Register_User -->
  <testcase name="User_Login_Success" time="0.0" classname="AP_Register_Login">
    <ignored/>
  </testcase> <!-- User_Login_Success -->
  <testcase name="User_Logout" time="0.0" classname="AP_Register_Login">
    <ignored/>
  </testcase> <!-- User_Logout -->
</testsuite>
